2024-04-04 17:36:14.594  INFO Inv --- [           main] r.h.s.SchoolApplication                  : Starting SchoolApplication using Java 21.0.2 with PID 27216 (C:\Users\User\YandexDisk\Java\Project\Java 19.08.23\school\target\classes started by Inv in C:\Users\User\YandexDisk\Java\Project\Java 19.08.23\school)
2024-04-04 17:36:14.600  INFO Inv --- [           main] r.h.s.SchoolApplication                  : No active profile set, falling back to 1 default profile: "default"
2024-04-04 17:36:14.963  INFO Inv --- [           main] .s.d.r.c.RepositoryConfigurationDelegate : Bootstrapping Spring Data JPA repositories in DEFAULT mode.
2024-04-04 17:36:14.997  INFO Inv --- [           main] .s.d.r.c.RepositoryConfigurationDelegate : Finished Spring Data repository scanning in 29 ms. Found 3 JPA repository interfaces.
2024-04-04 17:36:15.263  INFO Inv --- [           main] o.s.b.w.e.t.TomcatWebServer              : Tomcat initialized with port 8080 (http)
2024-04-04 17:36:15.270  INFO Inv --- [           main] o.a.c.h.Http11NioProtocol                : Initializing ProtocolHandler ["http-nio-8080"]
2024-04-04 17:36:15.271  INFO Inv --- [           main] o.a.c.c.StandardService                  : Starting service [Tomcat]
2024-04-04 17:36:15.271  INFO Inv --- [           main] o.a.c.c.StandardEngine                   : Starting Servlet engine: [Apache Tomcat/10.1.17]
2024-04-04 17:36:15.303  INFO Inv --- [           main] o.a.c.c.C.[.[.[/]                        : Initializing Spring embedded WebApplicationContext
2024-04-04 17:36:15.303  INFO Inv --- [           main] w.s.c.ServletWebServerApplicationContext : Root WebApplicationContext: initialization completed in 674 ms
2024-04-04 17:36:15.388  INFO Inv --- [           main] o.h.j.i.u.LogHelper                      : HHH000204: Processing PersistenceUnitInfo [name: default]
2024-04-04 17:36:15.417  INFO Inv --- [           main] o.h.Version                              : HHH000412: Hibernate ORM core version 6.4.1.Final
2024-04-04 17:36:15.435  INFO Inv --- [           main] o.h.c.i.RegionFactoryInitiator           : HHH000026: Second-level cache disabled
2024-04-04 17:36:15.559  INFO Inv --- [           main] o.s.o.j.p.SpringPersistenceUnitInfo      : No LoadTimeWeaver setup: ignoring JPA class transformer
2024-04-04 17:36:15.577  INFO Inv --- [           main] c.z.h.HikariDataSource                   : HikariPool-1 - Starting...
2024-04-04 17:36:15.685  INFO Inv --- [           main] c.z.h.p.HikariPool                       : HikariPool-1 - Added connection org.postgresql.jdbc.PgConnection@f49e81a
2024-04-04 17:36:15.686  INFO Inv --- [           main] c.z.h.HikariDataSource                   : HikariPool-1 - Start completed.
2024-04-04 17:36:16.255  INFO Inv --- [           main] o.h.e.t.j.p.i.JtaPlatformInitiator       : HHH000489: No JTA platform available (set 'hibernate.transaction.jta.platform' to enable JTA platform integration)
2024-04-04 17:36:16.310  INFO Inv --- [           main] j.LocalContainerEntityManagerFactoryBean : Initialized JPA EntityManagerFactory for persistence unit 'default'
2024-04-04 17:36:16.372 TRACE Inv --- [           main] o.h.r.j.i.ResourceRegistryStandardImpl   : Releasing JDBC resources
2024-04-04 17:36:16.373 TRACE Inv --- [           main] o.h.r.j.i.ResourceRegistryStandardImpl   : Releasing JDBC resources
2024-04-04 17:36:16.402 TRACE Inv --- [           main] o.h.r.j.i.ResourceRegistryStandardImpl   : Releasing JDBC resources
2024-04-04 17:36:16.429 TRACE Inv --- [           main] o.h.r.j.i.ResourceRegistryStandardImpl   : Releasing JDBC resources
2024-04-04 17:36:16.431 TRACE Inv --- [           main] o.h.r.j.i.ResourceRegistryStandardImpl   : Releasing JDBC resources
2024-04-04 17:36:16.468 TRACE Inv --- [           main] o.h.r.j.i.ResourceRegistryStandardImpl   : Releasing JDBC resources
2024-04-04 17:36:16.469 TRACE Inv --- [           main] o.h.r.j.i.ResourceRegistryStandardImpl   : Releasing JDBC resources
2024-04-04 17:36:16.482  INFO Inv --- [           main] o.s.d.j.r.q.QueryEnhancerFactory         : Hibernate is in classpath; If applicable, HQL parser will be used.
2024-04-04 17:36:16.483 TRACE Inv --- [           main] o.h.r.j.i.ResourceRegistryStandardImpl   : Releasing JDBC resources
2024-04-04 17:36:16.484 TRACE Inv --- [           main] o.h.r.j.i.ResourceRegistryStandardImpl   : Releasing JDBC resources
2024-04-04 17:36:16.485 TRACE Inv --- [           main] o.h.r.j.i.ResourceRegistryStandardImpl   : Releasing JDBC resources
2024-04-04 17:36:16.485 TRACE Inv --- [           main] o.h.r.j.i.ResourceRegistryStandardImpl   : Releasing JDBC resources
2024-04-04 17:36:16.486 TRACE Inv --- [           main] o.h.r.j.i.ResourceRegistryStandardImpl   : Releasing JDBC resources
2024-04-04 17:36:16.487 TRACE Inv --- [           main] o.h.r.j.i.ResourceRegistryStandardImpl   : Releasing JDBC resources
2024-04-04 17:36:16.488 TRACE Inv --- [           main] o.h.r.j.i.ResourceRegistryStandardImpl   : Releasing JDBC resources
2024-04-04 17:36:16.488 TRACE Inv --- [           main] o.h.r.j.i.ResourceRegistryStandardImpl   : Releasing JDBC resources
2024-04-04 17:36:16.489 TRACE Inv --- [           main] o.h.r.j.i.ResourceRegistryStandardImpl   : Releasing JDBC resources
2024-04-04 17:36:16.489 TRACE Inv --- [           main] o.h.r.j.i.ResourceRegistryStandardImpl   : Releasing JDBC resources
2024-04-04 17:36:16.510 TRACE Inv --- [           main] o.h.r.j.i.ResourceRegistryStandardImpl   : Releasing JDBC resources
2024-04-04 17:36:16.511 TRACE Inv --- [           main] o.h.r.j.i.ResourceRegistryStandardImpl   : Releasing JDBC resources
2024-04-04 17:36:16.518 TRACE Inv --- [           main] o.h.r.j.i.ResourceRegistryStandardImpl   : Releasing JDBC resources
2024-04-04 17:36:16.518 TRACE Inv --- [           main] o.h.r.j.i.ResourceRegistryStandardImpl   : Releasing JDBC resources
2024-04-04 17:36:16.520 TRACE Inv --- [           main] o.h.r.j.i.ResourceRegistryStandardImpl   : Releasing JDBC resources
2024-04-04 17:36:16.521 TRACE Inv --- [           main] o.h.r.j.i.ResourceRegistryStandardImpl   : Releasing JDBC resources
2024-04-04 17:36:16.576  WARN Inv --- [           main] JpaBaseConfiguration$JpaWebConfiguration : spring.jpa.open-in-view is enabled by default. Therefore, database queries may be performed during view rendering. Explicitly configure spring.jpa.open-in-view to disable this warning
2024-04-04 17:36:16.785  INFO Inv --- [           main] o.a.c.h.Http11NioProtocol                : Starting ProtocolHandler ["http-nio-8080"]
2024-04-04 17:36:16.795  INFO Inv --- [           main] o.s.b.w.e.t.TomcatWebServer              : Tomcat started on port 8080 (http) with context path ''
2024-04-04 17:36:16.799  INFO Inv --- [           main] r.h.s.SchoolApplication                  : Started SchoolApplication in 2.371 seconds (process running for 3.199)
2024-04-04 17:36:36.983  INFO Inv --- [nio-8080-exec-1] o.a.c.c.C.[.[.[/]                        : Initializing Spring DispatcherServlet 'dispatcherServlet'
2024-04-04 17:36:36.984  INFO Inv --- [nio-8080-exec-1] o.s.w.s.DispatcherServlet                : Initializing Servlet 'dispatcherServlet'
2024-04-04 17:36:36.985  INFO Inv --- [nio-8080-exec-1] o.s.w.s.DispatcherServlet                : Completed initialization in 1 ms
2024-04-04 17:36:37.025 TRACE Inv --- [nio-8080-exec-1] o.h.r.j.i.ResourceRegistryStandardImpl   : Releasing JDBC resources
2024-04-04 17:36:37.038 TRACE Inv --- [nio-8080-exec-2] o.h.r.j.i.ResourceRegistryStandardImpl   : Releasing JDBC resources
2024-04-04 17:36:37.038 TRACE Inv --- [nio-8080-exec-3] o.h.r.j.i.ResourceRegistryStandardImpl   : Releasing JDBC resources
2024-04-04 17:36:37.042 TRACE Inv --- [nio-8080-exec-5] o.h.r.j.i.ResourceRegistryStandardImpl   : Releasing JDBC resources
2024-04-04 17:36:37.049 TRACE Inv --- [nio-8080-exec-4] o.h.r.j.i.ResourceRegistryStandardImpl   : Releasing JDBC resources
2024-04-04 17:36:37.061 TRACE Inv --- [nio-8080-exec-6] o.h.r.j.i.ResourceRegistryStandardImpl   : Releasing JDBC resources
2024-04-04 17:36:37.170 TRACE Inv --- [nio-8080-exec-7] o.h.r.j.i.ResourceRegistryStandardImpl   : Releasing JDBC resources
2024-04-04 17:36:37.569  INFO Inv --- [nio-8080-exec-8] o.s.a.AbstractOpenApiResource            : Init duration for springdoc-openapi is: 379 ms
2024-04-04 17:36:37.618 TRACE Inv --- [nio-8080-exec-8] o.h.r.j.i.ResourceRegistryStandardImpl   : Releasing JDBC resources
2024-04-04 17:36:42.884 TRACE Inv --- [nio-8080-exec-9] o.h.r.j.i.ResourceRegistryStandardImpl   : Registering statement [HikariProxyPreparedStatement@1826519771 wrapping SELECT round(avg(age),2) FROM student s]
2024-04-04 17:36:42.886 TRACE Inv --- [nio-8080-exec-9] o.h.r.j.i.ResourceRegistryStandardImpl   : Registering result set [HikariProxyResultSet@911267836 wrapping org.postgresql.jdbc.PgResultSet@3a8f5300]
2024-04-04 17:36:42.893 TRACE Inv --- [nio-8080-exec-9] o.h.r.j.i.ResourceRegistryStandardImpl   : Releasing result set [HikariProxyResultSet@911267836 wrapping org.postgresql.jdbc.PgResultSet@3a8f5300]
2024-04-04 17:36:42.893 TRACE Inv --- [nio-8080-exec-9] o.h.r.j.i.ResourceRegistryStandardImpl   : Closing result set [HikariProxyResultSet@911267836 wrapping org.postgresql.jdbc.PgResultSet@3a8f5300]
2024-04-04 17:36:42.894 TRACE Inv --- [nio-8080-exec-9] o.h.r.j.i.ResourceRegistryStandardImpl   : Releasing statement [HikariProxyPreparedStatement@1826519771 wrapping SELECT round(avg(age),2) FROM student s]
2024-04-04 17:36:42.894 TRACE Inv --- [nio-8080-exec-9] o.h.r.j.i.ResourceRegistryStandardImpl   : Closing prepared statement [HikariProxyPreparedStatement@1826519771 wrapping SELECT round(avg(age),2) FROM student s]
2024-04-04 17:36:42.894 TRACE Inv --- [nio-8080-exec-9] o.h.r.j.i.ResourceRegistryStandardImpl   : Releasing JDBC resources
2024-04-04 17:36:42.895 TRACE Inv --- [nio-8080-exec-9] o.h.r.j.i.ResourceRegistryStandardImpl   : Registering statement [HikariProxyPreparedStatement@789958327 wrapping SELECT round(avg(age),2) FROM student s]
2024-04-04 17:36:42.896 TRACE Inv --- [nio-8080-exec-9] o.h.r.j.i.ResourceRegistryStandardImpl   : Registering result set [HikariProxyResultSet@1148958810 wrapping org.postgresql.jdbc.PgResultSet@1fb13d19]
2024-04-04 17:36:42.896 TRACE Inv --- [nio-8080-exec-9] o.h.r.j.i.ResourceRegistryStandardImpl   : Releasing result set [HikariProxyResultSet@1148958810 wrapping org.postgresql.jdbc.PgResultSet@1fb13d19]
2024-04-04 17:36:42.896 TRACE Inv --- [nio-8080-exec-9] o.h.r.j.i.ResourceRegistryStandardImpl   : Closing result set [HikariProxyResultSet@1148958810 wrapping org.postgresql.jdbc.PgResultSet@1fb13d19]
2024-04-04 17:36:42.896 TRACE Inv --- [nio-8080-exec-9] o.h.r.j.i.ResourceRegistryStandardImpl   : Releasing statement [HikariProxyPreparedStatement@789958327 wrapping SELECT round(avg(age),2) FROM student s]
2024-04-04 17:36:42.896 TRACE Inv --- [nio-8080-exec-9] o.h.r.j.i.ResourceRegistryStandardImpl   : Closing prepared statement [HikariProxyPreparedStatement@789958327 wrapping SELECT round(avg(age),2) FROM student s]
2024-04-04 17:36:42.896 TRACE Inv --- [nio-8080-exec-9] o.h.r.j.i.ResourceRegistryStandardImpl   : Releasing JDBC resources
2024-04-04 17:36:42.900 TRACE Inv --- [nio-8080-exec-9] o.h.r.j.i.ResourceRegistryStandardImpl   : Releasing JDBC resources
2024-04-04 17:36:42.900 TRACE Inv --- [nio-8080-exec-9] o.h.r.j.i.ResourceRegistryStandardImpl   : Releasing JDBC resources
2024-04-04 17:37:10.314 TRACE Inv --- [io-8080-exec-10] o.h.r.j.i.ResourceRegistryStandardImpl   : Registering statement [HikariProxyPreparedStatement@1501850014 wrapping select s1_0.id,s1_0.age,s1_0.faculty_id,s1_0.name from student s1_0 where s1_0.age=?]
2024-04-04 17:37:10.319 TRACE Inv --- [io-8080-exec-10] o.h.r.j.i.ResourceRegistryStandardImpl   : Registering result set [HikariProxyResultSet@364918803 wrapping org.postgresql.jdbc.PgResultSet@5b8d3cda]
2024-04-04 17:37:10.326 TRACE Inv --- [io-8080-exec-10] o.h.r.j.i.ResourceRegistryStandardImpl   : Registering statement [HikariProxyPreparedStatement@595259714 wrapping select f1_0.id,f1_0.color,f1_0.name from faculty f1_0 where f1_0.id=?]
2024-04-04 17:37:10.327 TRACE Inv --- [io-8080-exec-10] o.h.r.j.i.ResourceRegistryStandardImpl   : Registering result set [HikariProxyResultSet@946903904 wrapping org.postgresql.jdbc.PgResultSet@61509f8e]
2024-04-04 17:37:10.337 TRACE Inv --- [io-8080-exec-10] o.h.r.j.i.ResourceRegistryStandardImpl   : Releasing result set [HikariProxyResultSet@946903904 wrapping org.postgresql.jdbc.PgResultSet@61509f8e]
2024-04-04 17:37:10.337 TRACE Inv --- [io-8080-exec-10] o.h.r.j.i.ResourceRegistryStandardImpl   : Closing result set [HikariProxyResultSet@946903904 wrapping org.postgresql.jdbc.PgResultSet@61509f8e]
2024-04-04 17:37:10.337 TRACE Inv --- [io-8080-exec-10] o.h.r.j.i.ResourceRegistryStandardImpl   : Releasing statement [HikariProxyPreparedStatement@595259714 wrapping select f1_0.id,f1_0.color,f1_0.name from faculty f1_0 where f1_0.id=1]
2024-04-04 17:37:10.338 TRACE Inv --- [io-8080-exec-10] o.h.r.j.i.ResourceRegistryStandardImpl   : Closing prepared statement [HikariProxyPreparedStatement@595259714 wrapping select f1_0.id,f1_0.color,f1_0.name from faculty f1_0 where f1_0.id=1]
2024-04-04 17:37:10.338 TRACE Inv --- [io-8080-exec-10] o.h.r.j.i.ResourceRegistryStandardImpl   : Releasing result set [HikariProxyResultSet@364918803 wrapping org.postgresql.jdbc.PgResultSet@5b8d3cda]
2024-04-04 17:37:10.338 TRACE Inv --- [io-8080-exec-10] o.h.r.j.i.ResourceRegistryStandardImpl   : Closing result set [HikariProxyResultSet@364918803 wrapping org.postgresql.jdbc.PgResultSet@5b8d3cda]
2024-04-04 17:37:10.338 TRACE Inv --- [io-8080-exec-10] o.h.r.j.i.ResourceRegistryStandardImpl   : Releasing statement [HikariProxyPreparedStatement@1501850014 wrapping select s1_0.id,s1_0.age,s1_0.faculty_id,s1_0.name from student s1_0 where s1_0.age=34]
2024-04-04 17:37:10.338 TRACE Inv --- [io-8080-exec-10] o.h.r.j.i.ResourceRegistryStandardImpl   : Closing prepared statement [HikariProxyPreparedStatement@1501850014 wrapping select s1_0.id,s1_0.age,s1_0.faculty_id,s1_0.name from student s1_0 where s1_0.age=34]
2024-04-04 17:37:10.338 TRACE Inv --- [io-8080-exec-10] o.h.r.j.i.ResourceRegistryStandardImpl   : Releasing JDBC resources
2024-04-04 17:37:10.341 TRACE Inv --- [io-8080-exec-10] o.h.r.j.i.ResourceRegistryStandardImpl   : Releasing JDBC resources
2024-04-04 17:37:10.341 TRACE Inv --- [io-8080-exec-10] o.h.r.j.i.ResourceRegistryStandardImpl   : Releasing JDBC resources
2024-04-04 17:41:51.671  INFO Inv --- [ionShutdownHook] j.LocalContainerEntityManagerFactoryBean : Closing JPA EntityManagerFactory for persistence unit 'default'
2024-04-04 17:41:51.673  INFO Inv --- [ionShutdownHook] c.z.h.HikariDataSource                   : HikariPool-1 - Shutdown initiated...
2024-04-04 17:41:51.674  INFO Inv --- [ionShutdownHook] c.z.h.HikariDataSource                   : HikariPool-1 - Shutdown completed.
