2024-04-03 04:17:35.191  INFO Inv --- [           main] r.h.s.SchoolApplication                  : Starting SchoolApplication using Java 21.0.2 with PID 15808 (C:\Users\User\YandexDisk\Java\Project\Java 19.08.23\school\target\classes started by Inv in C:\Users\User\YandexDisk\Java\Project\Java 19.08.23\school)
2024-04-03 04:17:35.197  INFO Inv --- [           main] r.h.s.SchoolApplication                  : No active profile set, falling back to 1 default profile: "default"
2024-04-03 04:17:35.626  INFO Inv --- [           main] .s.d.r.c.RepositoryConfigurationDelegate : Bootstrapping Spring Data JPA repositories in DEFAULT mode.
2024-04-03 04:17:35.659  INFO Inv --- [           main] .s.d.r.c.RepositoryConfigurationDelegate : Finished Spring Data repository scanning in 28 ms. Found 3 JPA repository interfaces.
2024-04-03 04:17:35.927  INFO Inv --- [           main] o.s.b.w.e.t.TomcatWebServer              : Tomcat initialized with port 8080 (http)
2024-04-03 04:17:35.934  INFO Inv --- [           main] o.a.c.h.Http11NioProtocol                : Initializing ProtocolHandler ["http-nio-8080"]
2024-04-03 04:17:35.935  INFO Inv --- [           main] o.a.c.c.StandardService                  : Starting service [Tomcat]
2024-04-03 04:17:35.935  INFO Inv --- [           main] o.a.c.c.StandardEngine                   : Starting Servlet engine: [Apache Tomcat/10.1.17]
2024-04-03 04:17:35.975  INFO Inv --- [           main] o.a.c.c.C.[.[.[/]                        : Initializing Spring embedded WebApplicationContext
2024-04-03 04:17:35.975  INFO Inv --- [           main] w.s.c.ServletWebServerApplicationContext : Root WebApplicationContext: initialization completed in 750 ms
2024-04-03 04:17:36.064  INFO Inv --- [           main] o.h.j.i.u.LogHelper                      : HHH000204: Processing PersistenceUnitInfo [name: default]
2024-04-03 04:17:36.121  INFO Inv --- [           main] o.h.Version                              : HHH000412: Hibernate ORM core version 6.4.1.Final
2024-04-03 04:17:36.145  INFO Inv --- [           main] o.h.c.i.RegionFactoryInitiator           : HHH000026: Second-level cache disabled
2024-04-03 04:17:36.302  INFO Inv --- [           main] o.s.o.j.p.SpringPersistenceUnitInfo      : No LoadTimeWeaver setup: ignoring JPA class transformer
2024-04-03 04:17:36.321  INFO Inv --- [           main] c.z.h.HikariDataSource                   : HikariPool-1 - Starting...
2024-04-03 04:17:36.449  INFO Inv --- [           main] c.z.h.p.HikariPool                       : HikariPool-1 - Added connection org.postgresql.jdbc.PgConnection@1b444b5
2024-04-03 04:17:36.450  INFO Inv --- [           main] c.z.h.HikariDataSource                   : HikariPool-1 - Start completed.
2024-04-03 04:17:37.040  INFO Inv --- [           main] o.h.e.t.j.p.i.JtaPlatformInitiator       : HHH000489: No JTA platform available (set 'hibernate.transaction.jta.platform' to enable JTA platform integration)
2024-04-03 04:17:37.092  INFO Inv --- [           main] j.LocalContainerEntityManagerFactoryBean : Initialized JPA EntityManagerFactory for persistence unit 'default'
2024-04-03 04:17:37.173 TRACE Inv --- [           main] o.h.r.j.i.ResourceRegistryStandardImpl   : Releasing JDBC resources
2024-04-03 04:17:37.173 TRACE Inv --- [           main] o.h.r.j.i.ResourceRegistryStandardImpl   : Releasing JDBC resources
2024-04-03 04:17:37.207 TRACE Inv --- [           main] o.h.r.j.i.ResourceRegistryStandardImpl   : Releasing JDBC resources
2024-04-03 04:17:37.236 TRACE Inv --- [           main] o.h.r.j.i.ResourceRegistryStandardImpl   : Releasing JDBC resources
2024-04-03 04:17:37.238 TRACE Inv --- [           main] o.h.r.j.i.ResourceRegistryStandardImpl   : Releasing JDBC resources
2024-04-03 04:17:37.283 TRACE Inv --- [           main] o.h.r.j.i.ResourceRegistryStandardImpl   : Releasing JDBC resources
2024-04-03 04:17:37.284 TRACE Inv --- [           main] o.h.r.j.i.ResourceRegistryStandardImpl   : Releasing JDBC resources
2024-04-03 04:17:37.297  INFO Inv --- [           main] o.s.d.j.r.q.QueryEnhancerFactory         : Hibernate is in classpath; If applicable, HQL parser will be used.
2024-04-03 04:17:37.300 TRACE Inv --- [           main] o.h.r.j.i.ResourceRegistryStandardImpl   : Releasing JDBC resources
2024-04-03 04:17:37.300 TRACE Inv --- [           main] o.h.r.j.i.ResourceRegistryStandardImpl   : Releasing JDBC resources
2024-04-03 04:17:37.302 TRACE Inv --- [           main] o.h.r.j.i.ResourceRegistryStandardImpl   : Releasing JDBC resources
2024-04-03 04:17:37.302 TRACE Inv --- [           main] o.h.r.j.i.ResourceRegistryStandardImpl   : Releasing JDBC resources
2024-04-03 04:17:37.302 TRACE Inv --- [           main] o.h.r.j.i.ResourceRegistryStandardImpl   : Releasing JDBC resources
2024-04-03 04:17:37.303 TRACE Inv --- [           main] o.h.r.j.i.ResourceRegistryStandardImpl   : Releasing JDBC resources
2024-04-03 04:17:37.304 TRACE Inv --- [           main] o.h.r.j.i.ResourceRegistryStandardImpl   : Releasing JDBC resources
2024-04-03 04:17:37.304 TRACE Inv --- [           main] o.h.r.j.i.ResourceRegistryStandardImpl   : Releasing JDBC resources
2024-04-03 04:17:37.304 TRACE Inv --- [           main] o.h.r.j.i.ResourceRegistryStandardImpl   : Releasing JDBC resources
2024-04-03 04:17:37.305 TRACE Inv --- [           main] o.h.r.j.i.ResourceRegistryStandardImpl   : Releasing JDBC resources
2024-04-03 04:17:37.326 TRACE Inv --- [           main] o.h.r.j.i.ResourceRegistryStandardImpl   : Releasing JDBC resources
2024-04-03 04:17:37.326 TRACE Inv --- [           main] o.h.r.j.i.ResourceRegistryStandardImpl   : Releasing JDBC resources
2024-04-03 04:17:37.333 TRACE Inv --- [           main] o.h.r.j.i.ResourceRegistryStandardImpl   : Releasing JDBC resources
2024-04-03 04:17:37.333 TRACE Inv --- [           main] o.h.r.j.i.ResourceRegistryStandardImpl   : Releasing JDBC resources
2024-04-03 04:17:37.335 TRACE Inv --- [           main] o.h.r.j.i.ResourceRegistryStandardImpl   : Releasing JDBC resources
2024-04-03 04:17:37.335 TRACE Inv --- [           main] o.h.r.j.i.ResourceRegistryStandardImpl   : Releasing JDBC resources
2024-04-03 04:17:37.387  WARN Inv --- [           main] JpaBaseConfiguration$JpaWebConfiguration : spring.jpa.open-in-view is enabled by default. Therefore, database queries may be performed during view rendering. Explicitly configure spring.jpa.open-in-view to disable this warning
2024-04-03 04:17:37.617  INFO Inv --- [           main] o.a.c.h.Http11NioProtocol                : Starting ProtocolHandler ["http-nio-8080"]
2024-04-03 04:17:37.631  INFO Inv --- [           main] o.s.b.w.e.t.TomcatWebServer              : Tomcat started on port 8080 (http) with context path ''
2024-04-03 04:17:37.635  INFO Inv --- [           main] r.h.s.SchoolApplication                  : Started SchoolApplication in 2.648 seconds (process running for 3.484)
2024-04-03 04:18:13.295  INFO Inv --- [nio-8080-exec-1] o.a.c.c.C.[.[.[/]                        : Initializing Spring DispatcherServlet 'dispatcherServlet'
2024-04-03 04:18:13.296  INFO Inv --- [nio-8080-exec-1] o.s.w.s.DispatcherServlet                : Initializing Servlet 'dispatcherServlet'
2024-04-03 04:18:13.296  INFO Inv --- [nio-8080-exec-1] o.s.w.s.DispatcherServlet                : Completed initialization in 0 ms
2024-04-03 04:18:13.319 TRACE Inv --- [nio-8080-exec-1] o.h.r.j.i.ResourceRegistryStandardImpl   : Releasing JDBC resources
2024-04-03 04:18:13.330 TRACE Inv --- [nio-8080-exec-5] o.h.r.j.i.ResourceRegistryStandardImpl   : Releasing JDBC resources
2024-04-03 04:18:13.332 TRACE Inv --- [nio-8080-exec-3] o.h.r.j.i.ResourceRegistryStandardImpl   : Releasing JDBC resources
2024-04-03 04:18:13.337 TRACE Inv --- [nio-8080-exec-4] o.h.r.j.i.ResourceRegistryStandardImpl   : Releasing JDBC resources
2024-04-03 04:18:13.340 TRACE Inv --- [nio-8080-exec-2] o.h.r.j.i.ResourceRegistryStandardImpl   : Releasing JDBC resources
2024-04-03 04:18:13.346 TRACE Inv --- [nio-8080-exec-7] o.h.r.j.i.ResourceRegistryStandardImpl   : Releasing JDBC resources
2024-04-03 04:18:13.456 TRACE Inv --- [nio-8080-exec-8] o.h.r.j.i.ResourceRegistryStandardImpl   : Releasing JDBC resources
2024-04-03 04:18:13.622  INFO Inv --- [nio-8080-exec-6] o.s.a.AbstractOpenApiResource            : Init duration for springdoc-openapi is: 146 ms
2024-04-03 04:18:13.636 TRACE Inv --- [nio-8080-exec-6] o.h.r.j.i.ResourceRegistryStandardImpl   : Releasing JDBC resources
2024-04-03 04:18:23.861 TRACE Inv --- [nio-8080-exec-9] o.h.r.j.i.ResourceRegistryStandardImpl   : Registering statement [HikariProxyPreparedStatement@683480890 wrapping SELECT round(avg(age),2) FROM student s]
2024-04-03 04:18:23.864 TRACE Inv --- [nio-8080-exec-9] o.h.r.j.i.ResourceRegistryStandardImpl   : Registering result set [HikariProxyResultSet@841295182 wrapping org.postgresql.jdbc.PgResultSet@7b3463ce]
2024-04-03 04:18:23.875 TRACE Inv --- [nio-8080-exec-9] o.h.r.j.i.ResourceRegistryStandardImpl   : Releasing result set [HikariProxyResultSet@841295182 wrapping org.postgresql.jdbc.PgResultSet@7b3463ce]
2024-04-03 04:18:23.875 TRACE Inv --- [nio-8080-exec-9] o.h.r.j.i.ResourceRegistryStandardImpl   : Closing result set [HikariProxyResultSet@841295182 wrapping org.postgresql.jdbc.PgResultSet@7b3463ce]
2024-04-03 04:18:23.875 TRACE Inv --- [nio-8080-exec-9] o.h.r.j.i.ResourceRegistryStandardImpl   : Releasing statement [HikariProxyPreparedStatement@683480890 wrapping SELECT round(avg(age),2) FROM student s]
2024-04-03 04:18:23.875 TRACE Inv --- [nio-8080-exec-9] o.h.r.j.i.ResourceRegistryStandardImpl   : Closing prepared statement [HikariProxyPreparedStatement@683480890 wrapping SELECT round(avg(age),2) FROM student s]
2024-04-03 04:18:23.876 TRACE Inv --- [nio-8080-exec-9] o.h.r.j.i.ResourceRegistryStandardImpl   : Releasing JDBC resources
2024-04-03 04:18:23.877 TRACE Inv --- [nio-8080-exec-9] o.h.r.j.i.ResourceRegistryStandardImpl   : Registering statement [HikariProxyPreparedStatement@670989706 wrapping SELECT round(avg(age),2) FROM student s]
2024-04-03 04:18:23.877 TRACE Inv --- [nio-8080-exec-9] o.h.r.j.i.ResourceRegistryStandardImpl   : Registering result set [HikariProxyResultSet@1389476040 wrapping org.postgresql.jdbc.PgResultSet@532ee3b6]
2024-04-03 04:18:23.878 TRACE Inv --- [nio-8080-exec-9] o.h.r.j.i.ResourceRegistryStandardImpl   : Releasing result set [HikariProxyResultSet@1389476040 wrapping org.postgresql.jdbc.PgResultSet@532ee3b6]
2024-04-03 04:18:23.878 TRACE Inv --- [nio-8080-exec-9] o.h.r.j.i.ResourceRegistryStandardImpl   : Closing result set [HikariProxyResultSet@1389476040 wrapping org.postgresql.jdbc.PgResultSet@532ee3b6]
2024-04-03 04:18:23.878 TRACE Inv --- [nio-8080-exec-9] o.h.r.j.i.ResourceRegistryStandardImpl   : Releasing statement [HikariProxyPreparedStatement@670989706 wrapping SELECT round(avg(age),2) FROM student s]
2024-04-03 04:18:23.878 TRACE Inv --- [nio-8080-exec-9] o.h.r.j.i.ResourceRegistryStandardImpl   : Closing prepared statement [HikariProxyPreparedStatement@670989706 wrapping SELECT round(avg(age),2) FROM student s]
2024-04-03 04:18:23.878 TRACE Inv --- [nio-8080-exec-9] o.h.r.j.i.ResourceRegistryStandardImpl   : Releasing JDBC resources
2024-04-03 04:18:23.881 TRACE Inv --- [nio-8080-exec-9] o.h.r.j.i.ResourceRegistryStandardImpl   : Releasing JDBC resources
2024-04-03 04:18:23.882 TRACE Inv --- [nio-8080-exec-9] o.h.r.j.i.ResourceRegistryStandardImpl   : Releasing JDBC resources
2024-04-03 04:23:39.125  INFO Inv --- [ionShutdownHook] j.LocalContainerEntityManagerFactoryBean : Closing JPA EntityManagerFactory for persistence unit 'default'
2024-04-03 04:23:39.126  INFO Inv --- [ionShutdownHook] c.z.h.HikariDataSource                   : HikariPool-1 - Shutdown initiated...
2024-04-03 04:23:39.128  INFO Inv --- [ionShutdownHook] c.z.h.HikariDataSource                   : HikariPool-1 - Shutdown completed.
